<?xml version="1.0" encoding="UTF-8"?>
<!-- Generated by org.testng.reporters.JUnitReportReporter -->
<testsuite hostname="LAPTOP-D4U54S7U" failures="0" tests="1" name="com.bestbuy.tests.DummyPaymentTest" time="423.632" errors="0" timestamp="2023-04-24T18:25:19 IST" skipped="0">
  <testcase classname="com.bestbuy.tests.DummyPaymentTest" name="paymentProcess" time="423.632"/>
  <system-out/>
</testsuite> <!-- com.bestbuy.tests.DummyPaymentTest -->
