<?xml version="1.0" encoding="UTF-8"?>
<!-- Generated by org.testng.reporters.JUnitReportReporter -->
<testsuite hostname="LAPTOP-D4U54S7U" failures="0" tests="1" name="com.bestbuy.tests.ScrollUptoBootomLinkTest" time="22.744" errors="0" timestamp="2023-04-24T18:25:19 IST" skipped="0">
  <testcase classname="com.bestbuy.tests.ScrollUptoBootomLinkTest" name="scrollToFindElement" time="22.744"/>
  <system-out/>
</testsuite> <!-- com.bestbuy.tests.ScrollUptoBootomLinkTest -->
